<?xml version="1.0" encoding="UTF-8"?>
<!-- Generated by org.testng.reporters.JUnitXMLReporter -->
<testsuite ignored="2" hostname="INBOOK_X2" failures="0" tests="3" name="Test" time="0.133" errors="0" timestamp="2025-06-15T16:54:37 IST">
  <testcase classname="extra.Demo4" name="case2" time="0.02"/>
  <testcase classname="extra.Demo4" name="case3" time="0.004"/>
  <testcase classname="extra.Demo4" name="case5" time="0.005"/>
  <testcase classname="extra.Demo4" name="case4" time="0.0">
    <ignored/>
  </testcase> <!-- case4 -->
  <testcase classname="extra.Demo4" name="case1" time="0.0">
    <ignored/>
  </testcase> <!-- case1 -->
</testsuite> <!-- Test -->
