<?xml version="1.0" encoding="UTF-8"?>
<!-- Generated by org.testng.reporters.JUnitXMLReporter -->
<testsuite ignored="0" hostname="INBOOK_X2" failures="1" tests="1" name="Test 2" time="6.436" errors="0" timestamp="2025-05-28T00:28:16 IST">
  <testcase classname="extra.Demo2" name="mul" time="6.359">
    <failure type="java.lang.NullPointerException" message="Cannot invoke &amp;quot;java.time.Duration.getSeconds()&amp;quot; because &amp;quot;duration&amp;quot; is null">
      <![CDATA[java.lang.NullPointerException: Cannot invoke "java.time.Duration.getSeconds()" because "duration" is null
at java.base/java.util.concurrent.TimeUnit.convert(TimeUnit.java:218)
at java.base/java.lang.Thread.sleep(Thread.java:584)
at extra.Demo2.mul(Demo2.java:14)
at java.base/java.util.ArrayList.forEach(ArrayList.java:1597)
at java.base/java.util.concurrent.FutureTask.run(FutureTask.java:317)
at java.base/java.util.concurrent.ThreadPoolExecutor.runWorker(ThreadPoolExecutor.java:1144)
at java.base/java.util.concurrent.ThreadPoolExecutor$Worker.run(ThreadPoolExecutor.java:642)
at java.base/java.lang.Thread.run(Thread.java:1575)
... Removed 15 stack frames]]>
    </failure>
  </testcase> <!-- mul -->
</testsuite> <!-- Test 2 -->
