<?xml version="1.0" encoding="UTF-8"?>
<testng-results ignored="0" total="1" passed="1" failed="0" skipped="0">
  <reporter-output>
  </reporter-output>
  <suite started-at="2025-06-17T20:55:56 IST" name="Default suite" finished-at="2025-06-17T20:55:57 IST" duration-ms="147">
    <groups>
    </groups>
    <test started-at="2025-06-17T20:55:56 IST" name="Default test" finished-at="2025-06-17T20:55:57 IST" duration-ms="147">
      <class name="extra.AdvanceReporting">
        <test-method is-config="true" signature="configRep()[pri:0, instance:extra.AdvanceReporting@3d6f0054]" started-at="2025-06-17T20:55:56 IST" name="configRep" finished-at="2025-06-17T20:55:56 IST" duration-ms="20" status="PASS">
          <reporter-output>
          </reporter-output>
        </test-method> <!-- configRep -->
        <test-method signature="extentTest1()[pri:0, instance:extra.AdvanceReporting@3d6f0054]" started-at="2025-06-17T20:55:57 IST" name="extentTest1" finished-at="2025-06-17T20:55:57 IST" duration-ms="42" status="PASS">
          <reporter-output>
          </reporter-output>
        </test-method> <!-- extentTest1 -->
        <test-method is-config="true" signature="repBackup()[pri:0, instance:extra.AdvanceReporting@3d6f0054]" started-at="2025-06-17T20:55:57 IST" name="repBackup" finished-at="2025-06-17T20:55:57 IST" duration-ms="407" status="PASS">
          <reporter-output>
          </reporter-output>
        </test-method> <!-- repBackup -->
      </class> <!-- extra.AdvanceReporting -->
    </test> <!-- Default test -->
  </suite> <!-- Default suite -->
</testng-results>
